<?xml version="1.0" encoding="UTF-8"?>
<!-- Generated by org.testng.reporters.JUnitXMLReporter -->
<testsuite hostname="Jeffreys-Mac-mini.local" ignored="0" name="Surefire test" tests="4" failures="0" timestamp="2021-01-27T20:18:49 GMT" time="22.209" errors="0">
  <testcase name="searchForApple" time="16.075" classname="com.example.BasicTestIT"/>
  <testcase name="searchForBanana" time="1.547" classname="com.example.BasicTestIT"/>
  <testcase name="searchForCheese" time="2.289" classname="com.example.BasicTestIT"/>
  <testcase name="searchForMilk" time="2.182" classname="com.example.BasicTestIT"/>
</testsuite> <!-- Surefire test -->
