<?xml version="1.0" encoding="UTF-8"?>
<!-- Generated by org.testng.reporters.JUnitXMLReporter -->
<testsuite hostname="Jeffreys-Mac-mini.local" ignored="0" name="Surefire test" tests="4" failures="0" timestamp="2021-01-27T16:36:40 GMT" time="18.65" errors="0">
  <testcase name="searchForApple" time="14.718" classname="com.example.BasicTestIT"/>
  <testcase name="searchForBanana" time="1.261" classname="com.example.BasicTestIT"/>
  <testcase name="searchForCheese" time="1.202" classname="com.example.BasicTestIT"/>
  <testcase name="searchForMilk" time="1.354" classname="com.example.BasicTestIT"/>
</testsuite> <!-- Surefire test -->
