<?xml version="1.0" encoding="UTF-8"?>
<testsuite xmlns:xsi="http://www.w3.org/2001/XMLSchema-instance" xsi:noNamespaceSchemaLocation="https://maven.apache.org/surefire/maven-failsafe-plugin/xsd/failsafe-test-report-3.0.xsd" version="3.0" name="com.example.BasicTestIT" time="13.588" tests="2" errors="0" skipped="0" failures="0">
  <properties>
[...]
</properties>
  <testcase name="searchForMilk" classname="com.example.BasicTestIT" time="11.063">
    <system-out><![CDATA[ 
 
Current operating System: MAC OS X
Current operating System: MAC OS X
Current Architecture: x86_64
Current Architecture: x86_64
Current browser Selection: Firefox
Current browser Selection: Firefox
 
 
Page title is:Google
Page title is:Google
Page title is :milk - Google Search
]]></system-out>
    <system-err><![CDATA[Starting ChromeDriver 88.0.4324.96 (68dba2d8a0b149a1d3afac56fa74648032bcf46b-refs/branch-heads/4324@{#1784}) on port 13331
OnSly tlaroticnagl  CchroomnneecDtriiovnesr  ar8e8 .a0.4ll3o2w4e.d9.6
 P(l6e8adsbe a2sede https://chro8mae0db149rai1d3afavcer5.6cfha7r4o6m4i8u0m3.2orbgc/fs4e6cbu-rrietfys-/cbornasnicdhe-rhaetaidosns/ 4f3o2r4 @s{u#g1g7e8s4t}io)n so n opno rkte e3pin7g 2C2h9r
oOmnleyD rlivoecra ls acfonen.e
ctCihornosm eaDrrei vaelrl owas started successfully.
wed.
Please see https://chromedriver.chromium.org/security-considerations for suggestions on keeping ChromeDriver safe.
ChromeDriver was started successfully.
Jan 24, 2021 9:41:20 PM org.openqa.selenium.remote.ProtocolHandshake createSession
INFO: Detected dialect: W3C
Jan 24, 2021 9:41:20 PM org.openqa.selenium.remote.ProtocolHandshake createSession
INFO: Detected dialect: W3C
]]></system-err>
  </testcase>
  <testcase name="searchForCheese" classname="com.example.BasicTestIT" time="11.786">
    <system-out><![CDATA[Page title is :cheese - Google Search
]]></system-out>
  </testcase>
</testsuite>